<?xml version="1.0" encoding="UTF-8"?>
<!-- Generated by org.testng.reporters.JUnitXMLReporter -->
<testsuite ignored="0" hostname="HW1352" failures="1" tests="1" name="Surefire test" time="27.766" errors="0" timestamp="28 Aug 2025 09:49:34 GMT">
  <testcase classname="selenium_projects.PlayWriteTests.TestNgTest" name="sampleTest" time="3.432">
    <failure type="java.lang.IllegalMonitorStateException" message="current thread is not owner">
      <![CDATA[java.lang.IllegalMonitorStateException: current thread is not owner
at java.base/java.lang.Object.wait0(Native Method)
at java.base/java.lang.Object.wait(Object.java:366)
at selenium_projects.PlayWriteTests.TestNgTest.sampleTest(TestNgTest.java:32)
... Removed 28 stack frames]]>
    </failure>
  </testcase> <!-- sampleTest -->
</testsuite> <!-- Surefire test -->
