<?xml version="1.0" encoding="UTF-8"?>
<testng-results ignored="0" total="1" passed="1" failed="0" skipped="0">
  <reporter-output>
  </reporter-output>
  <suite started-at="2025-09-29T11:13:28Z" name="Default suite" finished-at="2025-09-29T11:13:46Z" duration-ms="18306">
    <groups>
    </groups>
    <test started-at="2025-09-29T11:13:28Z" name="Default test" finished-at="2025-09-29T11:13:46Z" duration-ms="18306">
      <class name="practisetests.DragAndDrop">
        <test-method signature="dragAndDrop()[pri:0, instance:practisetests.DragAndDrop@35dab4eb]" started-at="2025-09-29T11:13:28Z" name="dragAndDrop" finished-at="2025-09-29T11:13:46Z" duration-ms="18267" status="PASS">
          <reporter-output>
          </reporter-output>
        </test-method> <!-- dragAndDrop -->
      </class> <!-- practisetests.DragAndDrop -->
    </test> <!-- Default test -->
  </suite> <!-- Default suite -->
</testng-results>
